<?xml version="1.0" encoding="UTF-8"?>
<!-- Generated by org.testng.reporters.JUnitXMLReporter -->
<testsuite hostname="RT-2.local" name="galePartnersTestAssignment.unitTestClass" tests="17" failures="4" timestamp="9 Sep 2015 03:45:28 GMT" time="286.54" errors="0">
  <testcase name="emailFieldTestForInValidInput" time="33.072" classname="galePartnersTestAssignment.unitTestClass">
    <failure type="java.lang.AssertionError" message="expected [true] but found [false]">
      <![CDATA[java.lang.AssertionError: expected [true] but found [false]
	at galePartnersTestAssignment.unitTestClass.emailFieldTestForInValidInput(unitTestClass.java:55)
... Removed 28 stack frames]]>
    </failure>
  </testcase> <!-- emailFieldTestForInValidInput -->
  <testcase name="emailFieldTestForValidInput" time="19.167" classname="galePartnersTestAssignment.unitTestClass"/>
  <testcase name="firstNameFieldTestForInValidInput" time="18.044" classname="galePartnersTestAssignment.unitTestClass">
    <failure type="java.lang.AssertionError" message="expected [true] but found [false]">
      <![CDATA[java.lang.AssertionError: expected [true] but found [false]
	at galePartnersTestAssignment.unitTestClass.firstNameFieldTestForInValidInput(unitTestClass.java:77)
... Removed 28 stack frames]]>
    </failure>
  </testcase> <!-- firstNameFieldTestForInValidInput -->
  <testcase name="firstNameFieldTestForOutOfBoundInput" time="17.412" classname="galePartnersTestAssignment.unitTestClass">
    <failure type="java.lang.AssertionError" message="expected [true] but found [false]">
      <![CDATA[java.lang.AssertionError: expected [true] but found [false]
	at galePartnersTestAssignment.unitTestClass.firstNameFieldTestForOutOfBoundInput(unitTestClass.java:88)
... Removed 28 stack frames]]>
    </failure>
  </testcase> <!-- firstNameFieldTestForOutOfBoundInput -->
  <testcase name="firstNameFieldTestForValidInput" time="18.813" classname="galePartnersTestAssignment.unitTestClass"/>
  <testcase name="firstNameFieldTestWithSpacesInInput" time="17.364" classname="galePartnersTestAssignment.unitTestClass"/>
  <testcase name="lastNameFieldTestForInValidInput" time="7.485" classname="galePartnersTestAssignment.unitTestClass"/>
  <testcase name="lastNameFieldTestForOutOfBoundInput" time="7.471" classname="galePartnersTestAssignment.unitTestClass"/>
  <testcase name="lastNameFieldTestForValidInput" time="17.567" classname="galePartnersTestAssignment.unitTestClass"/>
  <testcase name="lastNameFieldTestWithSpacesInInput" time="17.466" classname="galePartnersTestAssignment.unitTestClass"/>
  <testcase name="testDisappearanceOfErrorMessageFirstNameInput" time="17.821" classname="galePartnersTestAssignment.unitTestClass"/>
  <testcase name="testDisappearanceOfErrorMessageLastNameInput" time="18.212" classname="galePartnersTestAssignment.unitTestClass"/>
  <testcase name="testEnterInValidPhoneNumber" time="8.156" classname="galePartnersTestAssignment.unitTestClass"/>
  <testcase name="testEnterInValidPostCode" time="7.662" classname="galePartnersTestAssignment.unitTestClass"/>
  <testcase name="testEnterValidPhoneNumber" time="18.034" classname="galePartnersTestAssignment.unitTestClass"/>
  <testcase name="testEnterValidPostCode" time="17.519" classname="galePartnersTestAssignment.unitTestClass"/>
  <testcase name="testSelectPhoneType" time="19.475" classname="galePartnersTestAssignment.unitTestClass">
    <failure type="java.lang.AssertionError" message="expected [false] but found [true]">
      <![CDATA[java.lang.AssertionError: expected [false] but found [true]
	at galePartnersTestAssignment.unitTestClass.testSelectPhoneType(unitTestClass.java:175)
... Removed 28 stack frames]]>
    </failure>
  </testcase> <!-- testSelectPhoneType -->
</testsuite> <!-- galePartnersTestAssignment.unitTestClass -->
