<html>
<head>
<title>TestNG:  galePartnersTestAssignment.unitTestClass</title>
<link href="../testng.css" rel="stylesheet" type="text/css" />
<link href="../my-testng.css" rel="stylesheet" type="text/css" />

<style type="text/css">
.log { display: none;} 
.stack-trace { display: none;} 
</style>
<script type="text/javascript">
<!--
function flip(e) {
  current = e.style.display;
  if (current == 'block') {
    e.style.display = 'none';
    return 0;
  }
  else {
    e.style.display = 'block';
    return 1;
  }
}

function toggleBox(szDivId, elem, msg1, msg2)
{
  var res = -1;  if (document.getElementById) {
    res = flip(document.getElementById(szDivId));
  }
  else if (document.all) {
    // this is the way old msie versions work
    res = flip(document.all[szDivId]);
  }
  if(elem) {
    if(res == 0) elem.innerHTML = msg1; else elem.innerHTML = msg2;
  }

}

function toggleAllBoxes() {
  if (document.getElementsByTagName) {
    d = document.getElementsByTagName('div');
    for (i = 0; i < d.length; i++) {
      if (d[i].className == 'log') {
        flip(d[i]);
      }
    }
  }
}

// -->
</script>

</head>
<body>
<h2 align='center'>galePartnersTestAssignment.unitTestClass</h2><table border='1' align="center">
<tr>
<td>Tests passed/Failed/Skipped:</td><td>13/4/0</td>
</tr><tr>
<td>Started on:</td><td>Wed Sep 09 09:10:42 IST 2015</td>
</tr>
<tr><td>Total time:</td><td>286 seconds (286540 ms)</td>
</tr><tr>
<td>Included groups:</td><td></td>
</tr><tr>
<td>Excluded groups:</td><td></td>
</tr>
</table><p/>
<small><i>(Hover the method name to see the test class name)</i></small><p/>
<table width='100%' border='1' class='invocation-failed'>
<tr><td colspan='4' align='center'><b>FAILED TESTS</b></td></tr>
<tr><td><b>Test method</b></td>
<td width="30%"><b>Exception</b></td>
<td width="10%"><b>Time (seconds)</b></td>
<td><b>Instance</b></td>
</tr>
<tr>
<td title='galePartnersTestAssignment.unitTestClass.emailFieldTestForInValidInput()'><b>emailFieldTestForInValidInput</b><br>Test class: galePartnersTestAssignment.unitTestClass</td>
<td><div><pre>java.lang.AssertionError: expected [true] but found [false]
	at galePartnersTestAssignment.unitTestClass.emailFieldTestForInValidInput(unitTestClass.java:55)
... Removed 28 stack frames</pre></div><a href='#' onClick='toggleBox("stack-trace804849541", this, "Click to show all stack frames", "Click to hide stack frames")'>Click to show all stack frames</a>
<div class='stack-trace' id='stack-trace804849541'><pre>java.lang.AssertionError: expected [true] but found [false]
	at org.testng.Assert.fail(Assert.java:94)
	at org.testng.Assert.failNotEquals(Assert.java:494)
	at org.testng.Assert.assertTrue(Assert.java:42)
	at org.testng.Assert.assertTrue(Assert.java:52)
	at galePartnersTestAssignment.unitTestClass.emailFieldTestForInValidInput(unitTestClass.java:55)
	at sun.reflect.NativeMethodAccessorImpl.invoke0(Native Method)
	at sun.reflect.NativeMethodAccessorImpl.invoke(NativeMethodAccessorImpl.java:57)
	at sun.reflect.DelegatingMethodAccessorImpl.invoke(DelegatingMethodAccessorImpl.java:43)
	at java.lang.reflect.Method.invoke(Method.java:606)
	at org.testng.internal.MethodInvocationHelper.invokeMethod(MethodInvocationHelper.java:84)
	at org.testng.internal.Invoker.invokeMethod(Invoker.java:714)
	at org.testng.internal.Invoker.invokeTestMethod(Invoker.java:901)
	at org.testng.internal.Invoker.invokeTestMethods(Invoker.java:1231)
	at org.testng.internal.TestMethodWorker.invokeTestMethods(TestMethodWorker.java:127)
	at org.testng.internal.TestMethodWorker.run(TestMethodWorker.java:111)
	at org.testng.TestRunner.privateRun(TestRunner.java:767)
	at org.testng.TestRunner.run(TestRunner.java:617)
	at org.testng.SuiteRunner.runTest(SuiteRunner.java:334)
	at org.testng.SuiteRunner.runSequentially(SuiteRunner.java:329)
	at org.testng.SuiteRunner.privateRun(SuiteRunner.java:291)
	at org.testng.SuiteRunner.run(SuiteRunner.java:240)
	at org.testng.SuiteRunnerWorker.runSuite(SuiteRunnerWorker.java:52)
	at org.testng.SuiteRunnerWorker.run(SuiteRunnerWorker.java:86)
	at org.testng.TestNG.runSuitesSequentially(TestNG.java:1224)
	at org.testng.TestNG.runSuitesLocally(TestNG.java:1149)
	at org.testng.TestNG.run(TestNG.java:1057)
	at org.testng.remote.RemoteTestNG.run(RemoteTestNG.java:111)
	at org.testng.remote.RemoteTestNG.initAndRun(RemoteTestNG.java:204)
	at org.testng.remote.RemoteTestNG.main(RemoteTestNG.java:175)
</pre></div></td>
<td>33</td>
<td>galePartnersTestAssignment.unitTestClass@577fe2b3</td></tr>
<tr>
<td title='galePartnersTestAssignment.unitTestClass.firstNameFieldTestForInValidInput()'><b>firstNameFieldTestForInValidInput</b><br>Test class: galePartnersTestAssignment.unitTestClass</td>
<td><div><pre>java.lang.AssertionError: expected [true] but found [false]
	at galePartnersTestAssignment.unitTestClass.firstNameFieldTestForInValidInput(unitTestClass.java:77)
... Removed 28 stack frames</pre></div><a href='#' onClick='toggleBox("stack-trace872005247", this, "Click to show all stack frames", "Click to hide stack frames")'>Click to show all stack frames</a>
<div class='stack-trace' id='stack-trace872005247'><pre>java.lang.AssertionError: expected [true] but found [false]
	at org.testng.Assert.fail(Assert.java:94)
	at org.testng.Assert.failNotEquals(Assert.java:494)
	at org.testng.Assert.assertTrue(Assert.java:42)
	at org.testng.Assert.assertTrue(Assert.java:52)
	at galePartnersTestAssignment.unitTestClass.firstNameFieldTestForInValidInput(unitTestClass.java:77)
	at sun.reflect.NativeMethodAccessorImpl.invoke0(Native Method)
	at sun.reflect.NativeMethodAccessorImpl.invoke(NativeMethodAccessorImpl.java:57)
	at sun.reflect.DelegatingMethodAccessorImpl.invoke(DelegatingMethodAccessorImpl.java:43)
	at java.lang.reflect.Method.invoke(Method.java:606)
	at org.testng.internal.MethodInvocationHelper.invokeMethod(MethodInvocationHelper.java:84)
	at org.testng.internal.Invoker.invokeMethod(Invoker.java:714)
	at org.testng.internal.Invoker.invokeTestMethod(Invoker.java:901)
	at org.testng.internal.Invoker.invokeTestMethods(Invoker.java:1231)
	at org.testng.internal.TestMethodWorker.invokeTestMethods(TestMethodWorker.java:127)
	at org.testng.internal.TestMethodWorker.run(TestMethodWorker.java:111)
	at org.testng.TestRunner.privateRun(TestRunner.java:767)
	at org.testng.TestRunner.run(TestRunner.java:617)
	at org.testng.SuiteRunner.runTest(SuiteRunner.java:334)
	at org.testng.SuiteRunner.runSequentially(SuiteRunner.java:329)
	at org.testng.SuiteRunner.privateRun(SuiteRunner.java:291)
	at org.testng.SuiteRunner.run(SuiteRunner.java:240)
	at org.testng.SuiteRunnerWorker.runSuite(SuiteRunnerWorker.java:52)
	at org.testng.SuiteRunnerWorker.run(SuiteRunnerWorker.java:86)
	at org.testng.TestNG.runSuitesSequentially(TestNG.java:1224)
	at org.testng.TestNG.runSuitesLocally(TestNG.java:1149)
	at org.testng.TestNG.run(TestNG.java:1057)
	at org.testng.remote.RemoteTestNG.run(RemoteTestNG.java:111)
	at org.testng.remote.RemoteTestNG.initAndRun(RemoteTestNG.java:204)
	at org.testng.remote.RemoteTestNG.main(RemoteTestNG.java:175)
</pre></div></td>
<td>18</td>
<td>galePartnersTestAssignment.unitTestClass@577fe2b3</td></tr>
<tr>
<td title='galePartnersTestAssignment.unitTestClass.firstNameFieldTestForOutOfBoundInput()'><b>firstNameFieldTestForOutOfBoundInput</b><br>Test class: galePartnersTestAssignment.unitTestClass</td>
<td><div><pre>java.lang.AssertionError: expected [true] but found [false]
	at galePartnersTestAssignment.unitTestClass.firstNameFieldTestForOutOfBoundInput(unitTestClass.java:88)
... Removed 28 stack frames</pre></div><a href='#' onClick='toggleBox("stack-trace1728190448", this, "Click to show all stack frames", "Click to hide stack frames")'>Click to show all stack frames</a>
<div class='stack-trace' id='stack-trace1728190448'><pre>java.lang.AssertionError: expected [true] but found [false]
	at org.testng.Assert.fail(Assert.java:94)
	at org.testng.Assert.failNotEquals(Assert.java:494)
	at org.testng.Assert.assertTrue(Assert.java:42)
	at org.testng.Assert.assertTrue(Assert.java:52)
	at galePartnersTestAssignment.unitTestClass.firstNameFieldTestForOutOfBoundInput(unitTestClass.java:88)
	at sun.reflect.NativeMethodAccessorImpl.invoke0(Native Method)
	at sun.reflect.NativeMethodAccessorImpl.invoke(NativeMethodAccessorImpl.java:57)
	at sun.reflect.DelegatingMethodAccessorImpl.invoke(DelegatingMethodAccessorImpl.java:43)
	at java.lang.reflect.Method.invoke(Method.java:606)
	at org.testng.internal.MethodInvocationHelper.invokeMethod(MethodInvocationHelper.java:84)
	at org.testng.internal.Invoker.invokeMethod(Invoker.java:714)
	at org.testng.internal.Invoker.invokeTestMethod(Invoker.java:901)
	at org.testng.internal.Invoker.invokeTestMethods(Invoker.java:1231)
	at org.testng.internal.TestMethodWorker.invokeTestMethods(TestMethodWorker.java:127)
	at org.testng.internal.TestMethodWorker.run(TestMethodWorker.java:111)
	at org.testng.TestRunner.privateRun(TestRunner.java:767)
	at org.testng.TestRunner.run(TestRunner.java:617)
	at org.testng.SuiteRunner.runTest(SuiteRunner.java:334)
	at org.testng.SuiteRunner.runSequentially(SuiteRunner.java:329)
	at org.testng.SuiteRunner.privateRun(SuiteRunner.java:291)
	at org.testng.SuiteRunner.run(SuiteRunner.java:240)
	at org.testng.SuiteRunnerWorker.runSuite(SuiteRunnerWorker.java:52)
	at org.testng.SuiteRunnerWorker.run(SuiteRunnerWorker.java:86)
	at org.testng.TestNG.runSuitesSequentially(TestNG.java:1224)
	at org.testng.TestNG.runSuitesLocally(TestNG.java:1149)
	at org.testng.TestNG.run(TestNG.java:1057)
	at org.testng.remote.RemoteTestNG.run(RemoteTestNG.java:111)
	at org.testng.remote.RemoteTestNG.initAndRun(RemoteTestNG.java:204)
	at org.testng.remote.RemoteTestNG.main(RemoteTestNG.java:175)
</pre></div></td>
<td>17</td>
<td>galePartnersTestAssignment.unitTestClass@577fe2b3</td></tr>
<tr>
<td title='galePartnersTestAssignment.unitTestClass.testSelectPhoneType()'><b>testSelectPhoneType</b><br>Test class: galePartnersTestAssignment.unitTestClass</td>
<td><div><pre>java.lang.AssertionError: expected [false] but found [true]
	at galePartnersTestAssignment.unitTestClass.testSelectPhoneType(unitTestClass.java:175)
... Removed 28 stack frames</pre></div><a href='#' onClick='toggleBox("stack-trace1169722782", this, "Click to show all stack frames", "Click to hide stack frames")'>Click to show all stack frames</a>
<div class='stack-trace' id='stack-trace1169722782'><pre>java.lang.AssertionError: expected [false] but found [true]
	at org.testng.Assert.fail(Assert.java:94)
	at org.testng.Assert.failNotEquals(Assert.java:494)
	at org.testng.Assert.assertEquals(Assert.java:123)
	at org.testng.Assert.assertEquals(Assert.java:165)
	at galePartnersTestAssignment.unitTestClass.testSelectPhoneType(unitTestClass.java:175)
	at sun.reflect.NativeMethodAccessorImpl.invoke0(Native Method)
	at sun.reflect.NativeMethodAccessorImpl.invoke(NativeMethodAccessorImpl.java:57)
	at sun.reflect.DelegatingMethodAccessorImpl.invoke(DelegatingMethodAccessorImpl.java:43)
	at java.lang.reflect.Method.invoke(Method.java:606)
	at org.testng.internal.MethodInvocationHelper.invokeMethod(MethodInvocationHelper.java:84)
	at org.testng.internal.Invoker.invokeMethod(Invoker.java:714)
	at org.testng.internal.Invoker.invokeTestMethod(Invoker.java:901)
	at org.testng.internal.Invoker.invokeTestMethods(Invoker.java:1231)
	at org.testng.internal.TestMethodWorker.invokeTestMethods(TestMethodWorker.java:127)
	at org.testng.internal.TestMethodWorker.run(TestMethodWorker.java:111)
	at org.testng.TestRunner.privateRun(TestRunner.java:767)
	at org.testng.TestRunner.run(TestRunner.java:617)
	at org.testng.SuiteRunner.runTest(SuiteRunner.java:334)
	at org.testng.SuiteRunner.runSequentially(SuiteRunner.java:329)
	at org.testng.SuiteRunner.privateRun(SuiteRunner.java:291)
	at org.testng.SuiteRunner.run(SuiteRunner.java:240)
	at org.testng.SuiteRunnerWorker.runSuite(SuiteRunnerWorker.java:52)
	at org.testng.SuiteRunnerWorker.run(SuiteRunnerWorker.java:86)
	at org.testng.TestNG.runSuitesSequentially(TestNG.java:1224)
	at org.testng.TestNG.runSuitesLocally(TestNG.java:1149)
	at org.testng.TestNG.run(TestNG.java:1057)
	at org.testng.remote.RemoteTestNG.run(RemoteTestNG.java:111)
	at org.testng.remote.RemoteTestNG.initAndRun(RemoteTestNG.java:204)
	at org.testng.remote.RemoteTestNG.main(RemoteTestNG.java:175)
</pre></div></td>
<td>19</td>
<td>galePartnersTestAssignment.unitTestClass@577fe2b3</td></tr>
</table><p>
<table width='100%' border='1' class='invocation-passed'>
<tr><td colspan='4' align='center'><b>PASSED TESTS</b></td></tr>
<tr><td><b>Test method</b></td>
<td width="30%"><b>Exception</b></td>
<td width="10%"><b>Time (seconds)</b></td>
<td><b>Instance</b></td>
</tr>
<tr>
<td title='galePartnersTestAssignment.unitTestClass.emailFieldTestForValidInput()'><b>emailFieldTestForValidInput</b><br>Test class: galePartnersTestAssignment.unitTestClass</td>
<td></td>
<td>19</td>
<td>galePartnersTestAssignment.unitTestClass@577fe2b3</td></tr>
<tr>
<td title='galePartnersTestAssignment.unitTestClass.firstNameFieldTestForValidInput()'><b>firstNameFieldTestForValidInput</b><br>Test class: galePartnersTestAssignment.unitTestClass</td>
<td></td>
<td>18</td>
<td>galePartnersTestAssignment.unitTestClass@577fe2b3</td></tr>
<tr>
<td title='galePartnersTestAssignment.unitTestClass.firstNameFieldTestWithSpacesInInput()'><b>firstNameFieldTestWithSpacesInInput</b><br>Test class: galePartnersTestAssignment.unitTestClass</td>
<td></td>
<td>17</td>
<td>galePartnersTestAssignment.unitTestClass@577fe2b3</td></tr>
<tr>
<td title='galePartnersTestAssignment.unitTestClass.lastNameFieldTestForInValidInput()'><b>lastNameFieldTestForInValidInput</b><br>Test class: galePartnersTestAssignment.unitTestClass</td>
<td></td>
<td>7</td>
<td>galePartnersTestAssignment.unitTestClass@577fe2b3</td></tr>
<tr>
<td title='galePartnersTestAssignment.unitTestClass.lastNameFieldTestForOutOfBoundInput()'><b>lastNameFieldTestForOutOfBoundInput</b><br>Test class: galePartnersTestAssignment.unitTestClass</td>
<td></td>
<td>7</td>
<td>galePartnersTestAssignment.unitTestClass@577fe2b3</td></tr>
<tr>
<td title='galePartnersTestAssignment.unitTestClass.lastNameFieldTestForValidInput()'><b>lastNameFieldTestForValidInput</b><br>Test class: galePartnersTestAssignment.unitTestClass</td>
<td></td>
<td>17</td>
<td>galePartnersTestAssignment.unitTestClass@577fe2b3</td></tr>
<tr>
<td title='galePartnersTestAssignment.unitTestClass.lastNameFieldTestWithSpacesInInput()'><b>lastNameFieldTestWithSpacesInInput</b><br>Test class: galePartnersTestAssignment.unitTestClass</td>
<td></td>
<td>17</td>
<td>galePartnersTestAssignment.unitTestClass@577fe2b3</td></tr>
<tr>
<td title='galePartnersTestAssignment.unitTestClass.testDisappearanceOfErrorMessageFirstNameInput()'><b>testDisappearanceOfErrorMessageFirstNameInput</b><br>Test class: galePartnersTestAssignment.unitTestClass</td>
<td></td>
<td>17</td>
<td>galePartnersTestAssignment.unitTestClass@577fe2b3</td></tr>
<tr>
<td title='galePartnersTestAssignment.unitTestClass.testDisappearanceOfErrorMessageLastNameInput()'><b>testDisappearanceOfErrorMessageLastNameInput</b><br>Test class: galePartnersTestAssignment.unitTestClass</td>
<td></td>
<td>18</td>
<td>galePartnersTestAssignment.unitTestClass@577fe2b3</td></tr>
<tr>
<td title='galePartnersTestAssignment.unitTestClass.testEnterInValidPhoneNumber()'><b>testEnterInValidPhoneNumber</b><br>Test class: galePartnersTestAssignment.unitTestClass</td>
<td></td>
<td>8</td>
<td>galePartnersTestAssignment.unitTestClass@577fe2b3</td></tr>
<tr>
<td title='galePartnersTestAssignment.unitTestClass.testEnterInValidPostCode()'><b>testEnterInValidPostCode</b><br>Test class: galePartnersTestAssignment.unitTestClass</td>
<td></td>
<td>7</td>
<td>galePartnersTestAssignment.unitTestClass@577fe2b3</td></tr>
<tr>
<td title='galePartnersTestAssignment.unitTestClass.testEnterValidPhoneNumber()'><b>testEnterValidPhoneNumber</b><br>Test class: galePartnersTestAssignment.unitTestClass</td>
<td></td>
<td>18</td>
<td>galePartnersTestAssignment.unitTestClass@577fe2b3</td></tr>
<tr>
<td title='galePartnersTestAssignment.unitTestClass.testEnterValidPostCode()'><b>testEnterValidPostCode</b><br>Test class: galePartnersTestAssignment.unitTestClass</td>
<td></td>
<td>17</td>
<td>galePartnersTestAssignment.unitTestClass@577fe2b3</td></tr>
</table><p>
</body>
</html>